<?xml version="1.0" encoding="UTF-8"?>
<testng-results skipped="0" failed="0" ignored="0" total="1" passed="1">
  <reporter-output>
  </reporter-output>
  <suite name="Surefire suite" duration-ms="21202" started-at="2021-06-13T09:33:41Z" finished-at="2021-06-13T09:34:02Z">
    <groups>
    </groups>
    <test name="Surefire test" duration-ms="21202" started-at="2021-06-13T09:33:41Z" finished-at="2021-06-13T09:34:02Z">
      <class name="org.EaseMyTrip.BaseTest">
        <test-method status="PASS" signature="setup()[pri:0, instance:org.EaseMyTrip.BaseTest@2cb4c3ab]" name="setup" is-config="true" duration-ms="7745" started-at="2021-06-13T09:33:41Z" finished-at="2021-06-13T09:33:49Z">
          <reporter-output>
          </reporter-output>
        </test-method> <!-- setup -->
        <test-method status="PASS" signature="flightTest(java.util.HashMap)[pri:0, instance:org.EaseMyTrip.BaseTest@2cb4c3ab]" name="flightTest" duration-ms="11697" started-at="2021-06-13T09:33:51Z" data-provider="SearchFlight" finished-at="2021-06-13T09:34:02Z">
          <params>
            <param index="0">
              <value>
                <![CDATA[{From=Delhi, To=Chennai}]]>
              </value>
            </param>
          </params>
          <reporter-output>
          </reporter-output>
        </test-method> <!-- flightTest -->
      </class> <!-- org.EaseMyTrip.BaseTest -->
    </test> <!-- Surefire test -->
  </suite> <!-- Surefire suite -->
</testng-results>
